<?xml version="1.0" encoding="UTF-8"?>
<testng-results skipped="0" failed="0" total="1" passed="1">
  <reporter-output>
  </reporter-output>
  <suite name="Command line suite" duration-ms="22" started-at="2016-08-25T13:43:06Z" finished-at="2016-08-25T13:43:06Z">
    <groups>
    </groups>
    <test name="Command line test" duration-ms="22" started-at="2016-08-25T13:43:06Z" finished-at="2016-08-25T13:43:06Z">
      <class name="pageObjects.HelloMavenTest">
        <test-method status="PASS" signature="f()[pri:0, instance:pageObjects.HelloMavenTest@3b81a1bc]" name="f" duration-ms="9" started-at="2016-08-25T19:13:06Z" finished-at="2016-08-25T19:13:06Z">
          <reporter-output>
          </reporter-output>
        </test-method> <!-- f -->
      </class> <!-- pageObjects.HelloMavenTest -->
    </test> <!-- Command line test -->
  </suite> <!-- Command line suite -->
</testng-results>
