<?xml version="1.0" encoding="UTF-8"?>
<!-- Generated by org.testng.reporters.JUnitXMLReporter -->
<testsuite hostname="NDI-LAP-539" name="Test" tests="1" failures="0" timestamp="23 Aug 2016 09:49:34 GMT" time="85.456" errors="0">
  <testcase name="@BeforeMethod beforeMethod" time="0.0" classname="Rediff.CreateAccount">
    <failure type="org.openqa.selenium.WebDriverException" message="Failed to connect to binary FirefoxBinary(C:\Program Files (x86)\Mozilla Firefox\firefox.exe) on port 7055; process output follows: 
srollout@mozilla.org version 1.0
1471945729557	addons.xpi	DEBUG	Registering manifest for C:\Program Files (x86)\Mozilla Firefox\browser\features\firefox@getpocket.com.xpi
1471945729557	addons.xpi	DEBUG	Calling bootstrap method startup on firefox@getpocket.com version 1.0.2
1471945729558	addons.xpi	DEBUG	Registering manifest for C:\Program Files (x86)\Mozilla Firefox\browser\features\loop@mozilla.org.xpi
1471945729558	addons.xpi	DEBUG	Calling bootstrap method startup on loop@mozilla.org version 1.3.2
1471945729573	addons.manager	DEBUG	Registering shutdown blocker for XPIProvider
1471945729573	addons.manager	DEBUG	Provider finished startup: XPIProvider
1471945729573	addons.manager	DEBUG	Starting provider: LightweightThemeManager
1471945729573	addons.manager	DEBUG	Registering shutdown blocker for LightweightThemeManager
1471945729573	addons.manager	DEBUG	Provider finished startup: LightweightThemeManager
1471945729574	addons.manager	DEBUG	Starting provider: GMPProvider
1471945729579	addons.manager	DEBUG	Registering shutdown blocker for GMPProvider
1471945729579	addons.manager	DEBUG	Provider finished startup: GMPProvider
1471945729579	addons.manager	DEBUG	Starting provider: PluginProvider
1471945729579	addons.manager	DEBUG	Registering shutdown blocker for PluginProvider
1471945729579	addons.manager	DEBUG	Provider finished startup: PluginProvider
1471945729580	addons.manager	DEBUG	Completed startup sequence
Crash Annotation GraphicsCriticalError: |[0][GFX1-]: PossiblyBrokenSurfaceSharing_UnexpectedAMDGPU (t=1.42232) [GFX1-]: PossiblyBrokenSurfaceSharing_UnexpectedAMDGPU
Crash Annotation GraphicsCriticalError: |[0][GFX1-]: PossiblyBrokenSurfaceSharing_UnexpectedAMDGPU (t=1.42232) |[1][GFX1-]: PossiblyBrokenSurfaceSharing_UnexpectedAMDGPU (t=1.46469) [GFX1-]: PossiblyBrokenSurfaceSharing_UnexpectedAMDGPU
1471945730152	addons.manager	DEBUG	Starting provider: &amp;lt;unnamed-provider&amp;gt;
1471945730153	addons.manager	DEBUG	Registering shutdown blocker for &amp;lt;unnamed-provider&amp;gt;
1471945730153	addons.manager	DEBUG	Provider finished startup: &amp;lt;unnamed-provider&amp;gt;
1471945730427	DeferredSave.extensions.json	DEBUG	Write succeeded
1471945730427	addons.xpi-utils	DEBUG	XPI Database saved, setting schema version preference to 17
1471945730427	DeferredSave.extensions.json	DEBUG	Starting timer
1471945730452	DeferredSave.extensions.json	DEBUG	Starting write
1471945730456	addons.repository	DEBUG	No addons.json found.
1471945730457	DeferredSave.addons.json	DEBUG	Save changes
1471945730459	DeferredSave.addons.json	DEBUG	Starting timer
1471945730501	addons.manager	DEBUG	Starting provider: PreviousExperimentProvider
1471945730501	addons.manager	DEBUG	Registering shutdown blocker for PreviousExperimentProvider
1471945730502	addons.manager	DEBUG	Provider finished startup: PreviousExperimentProvider
1471945730520	DeferredSave.addons.json	DEBUG	Starting write
1471945730521	DeferredSave.extensions.json	DEBUG	Write succeeded
1471945730533	DeferredSave.addons.json	DEBUG	Write succeeded
1471945740962	addons.xpi	DEBUG	Calling bootstrap method shutdown on e10srollout@mozilla.org version 1.0
1471945740962	addons.xpi	DEBUG	Calling bootstrap method shutdown on firefox@getpocket.com version 1.0.2
1471945740963	addons.xpi	DEBUG	Calling bootstrap method shutdown on loop@mozilla.org version 1.3.2
1471945741073	addons.manager	DEBUG	shutdown
1471945741073	addons.manager	DEBUG	Calling shutdown blocker for XPIProvider
1471945741073	addons.xpi	DEBUG	shutdown
1471945741073	addons.xpi-utils	DEBUG	shutdown
1471945741074	addons.manager	DEBUG	Calling shutdown blocker for LightweightThemeManager
1471945741074	addons.manager	DEBUG	Calling shutdown blocker for GMPProvider
1471945741076	addons.manager	DEBUG	Calling shutdown blocker for PluginProvider
1471945741076	addons.manager	DEBUG	Calling shutdown blocker for &amp;lt;unnamed-provider&amp;gt;
1471945741078	addons.manager	DEBUG	Calling shutdown blocker for PreviousExperimentProvider
1471945741080	addons.xpi	DEBUG	Notifying XPI shutdown observers
1471945741082	addons.manager	DEBUG	Async provider shutdown done

Build info: version: &amp;apos;2.53.0&amp;apos;, revision: &amp;apos;35ae25b&amp;apos;, time: &amp;apos;2016-03-15 17:01:03&amp;apos;
System info: host: &amp;apos;NDI-LAP-539&amp;apos;, ip: &amp;apos;172.20.37.5&amp;apos;, os.name: &amp;apos;Windows 7&amp;apos;, os.arch: &amp;apos;amd64&amp;apos;, os.version: &amp;apos;6.1&amp;apos;, java.version: &amp;apos;1.8.0_91&amp;apos;
Driver info: driver.version: FirefoxDriver">
      <![CDATA[org.openqa.selenium.WebDriverException: Failed to connect to binary FirefoxBinary(C:\Program Files (x86)\Mozilla Firefox\firefox.exe) on port 7055; process output follows: 
srollout@mozilla.org version 1.0
1471945729557	addons.xpi	DEBUG	Registering manifest for C:\Program Files (x86)\Mozilla Firefox\browser\features\firefox@getpocket.com.xpi
1471945729557	addons.xpi	DEBUG	Calling bootstrap method startup on firefox@getpocket.com version 1.0.2
1471945729558	addons.xpi	DEBUG	Registering manifest for C:\Program Files (x86)\Mozilla Firefox\browser\features\loop@mozilla.org.xpi
1471945729558	addons.xpi	DEBUG	Calling bootstrap method startup on loop@mozilla.org version 1.3.2
1471945729573	addons.manager	DEBUG	Registering shutdown blocker for XPIProvider
1471945729573	addons.manager	DEBUG	Provider finished startup: XPIProvider
1471945729573	addons.manager	DEBUG	Starting provider: LightweightThemeManager
1471945729573	addons.manager	DEBUG	Registering shutdown blocker for LightweightThemeManager
1471945729573	addons.manager	DEBUG	Provider finished startup: LightweightThemeManager
1471945729574	addons.manager	DEBUG	Starting provider: GMPProvider
1471945729579	addons.manager	DEBUG	Registering shutdown blocker for GMPProvider
1471945729579	addons.manager	DEBUG	Provider finished startup: GMPProvider
1471945729579	addons.manager	DEBUG	Starting provider: PluginProvider
1471945729579	addons.manager	DEBUG	Registering shutdown blocker for PluginProvider
1471945729579	addons.manager	DEBUG	Provider finished startup: PluginProvider
1471945729580	addons.manager	DEBUG	Completed startup sequence
Crash Annotation GraphicsCriticalError: |[0][GFX1-]: PossiblyBrokenSurfaceSharing_UnexpectedAMDGPU (t=1.42232) [GFX1-]: PossiblyBrokenSurfaceSharing_UnexpectedAMDGPU
Crash Annotation GraphicsCriticalError: |[0][GFX1-]: PossiblyBrokenSurfaceSharing_UnexpectedAMDGPU (t=1.42232) |[1][GFX1-]: PossiblyBrokenSurfaceSharing_UnexpectedAMDGPU (t=1.46469) [GFX1-]: PossiblyBrokenSurfaceSharing_UnexpectedAMDGPU
1471945730152	addons.manager	DEBUG	Starting provider: <unnamed-provider>
1471945730153	addons.manager	DEBUG	Registering shutdown blocker for <unnamed-provider>
1471945730153	addons.manager	DEBUG	Provider finished startup: <unnamed-provider>
1471945730427	DeferredSave.extensions.json	DEBUG	Write succeeded
1471945730427	addons.xpi-utils	DEBUG	XPI Database saved, setting schema version preference to 17
1471945730427	DeferredSave.extensions.json	DEBUG	Starting timer
1471945730452	DeferredSave.extensions.json	DEBUG	Starting write
1471945730456	addons.repository	DEBUG	No addons.json found.
1471945730457	DeferredSave.addons.json	DEBUG	Save changes
1471945730459	DeferredSave.addons.json	DEBUG	Starting timer
1471945730501	addons.manager	DEBUG	Starting provider: PreviousExperimentProvider
1471945730501	addons.manager	DEBUG	Registering shutdown blocker for PreviousExperimentProvider
1471945730502	addons.manager	DEBUG	Provider finished startup: PreviousExperimentProvider
1471945730520	DeferredSave.addons.json	DEBUG	Starting write
1471945730521	DeferredSave.extensions.json	DEBUG	Write succeeded
1471945730533	DeferredSave.addons.json	DEBUG	Write succeeded
1471945740962	addons.xpi	DEBUG	Calling bootstrap method shutdown on e10srollout@mozilla.org version 1.0
1471945740962	addons.xpi	DEBUG	Calling bootstrap method shutdown on firefox@getpocket.com version 1.0.2
1471945740963	addons.xpi	DEBUG	Calling bootstrap method shutdown on loop@mozilla.org version 1.3.2
1471945741073	addons.manager	DEBUG	shutdown
1471945741073	addons.manager	DEBUG	Calling shutdown blocker for XPIProvider
1471945741073	addons.xpi	DEBUG	shutdown
1471945741073	addons.xpi-utils	DEBUG	shutdown
1471945741074	addons.manager	DEBUG	Calling shutdown blocker for LightweightThemeManager
1471945741074	addons.manager	DEBUG	Calling shutdown blocker for GMPProvider
1471945741076	addons.manager	DEBUG	Calling shutdown blocker for PluginProvider
1471945741076	addons.manager	DEBUG	Calling shutdown blocker for <unnamed-provider>
1471945741078	addons.manager	DEBUG	Calling shutdown blocker for PreviousExperimentProvider
1471945741080	addons.xpi	DEBUG	Notifying XPI shutdown observers
1471945741082	addons.manager	DEBUG	Async provider shutdown done

Build info: version: '2.53.0', revision: '35ae25b', time: '2016-03-15 17:01:03'
System info: host: 'NDI-LAP-539', ip: '172.20.37.5', os.name: 'Windows 7', os.arch: 'amd64', os.version: '6.1', java.version: '1.8.0_91'
Driver info: driver.version: FirefoxDriver
	at org.openqa.selenium.firefox.internal.NewProfileExtensionConnection.start(NewProfileExtensionConnection.java:124)
	at org.openqa.selenium.firefox.FirefoxDriver.startClient(FirefoxDriver.java:271)
	at org.openqa.selenium.remote.RemoteWebDriver.<init>(RemoteWebDriver.java:119)
	at org.openqa.selenium.firefox.FirefoxDriver.<init>(FirefoxDriver.java:218)
	at org.openqa.selenium.firefox.FirefoxDriver.<init>(FirefoxDriver.java:211)
	at org.openqa.selenium.firefox.FirefoxDriver.<init>(FirefoxDriver.java:207)
	at org.openqa.selenium.firefox.FirefoxDriver.<init>(FirefoxDriver.java:120)
	at Rediff.CreateAccount.beforeMethod(CreateAccount.java:30)
Caused by: org.openqa.selenium.firefox.NotConnectedException: Unable to connect to host 127.0.0.1 on port 7055 after 45000 ms. Firefox console output:
srollout@mozilla.org version 1.0
1471945729557	addons.xpi	DEBUG	Registering manifest for C:\Program Files (x86)\Mozilla Firefox\browser\features\firefox@getpocket.com.xpi
1471945729557	addons.xpi	DEBUG	Calling bootstrap method startup on firefox@getpocket.com version 1.0.2
1471945729558	addons.xpi	DEBUG	Registering manifest for C:\Program Files (x86)\Mozilla Firefox\browser\features\loop@mozilla.org.xpi
1471945729558	addons.xpi	DEBUG	Calling bootstrap method startup on loop@mozilla.org version 1.3.2
1471945729573	addons.manager	DEBUG	Registering shutdown blocker for XPIProvider
1471945729573	addons.manager	DEBUG	Provider finished startup: XPIProvider
1471945729573	addons.manager	DEBUG	Starting provider: LightweightThemeManager
1471945729573	addons.manager	DEBUG	Registering shutdown blocker for LightweightThemeManager
1471945729573	addons.manager	DEBUG	Provider finished startup: LightweightThemeManager
1471945729574	addons.manager	DEBUG	Starting provider: GMPProvider
1471945729579	addons.manager	DEBUG	Registering shutdown blocker for GMPProvider
1471945729579	addons.manager	DEBUG	Provider finished startup: GMPProvider
1471945729579	addons.manager	DEBUG	Starting provider: PluginProvider
1471945729579	addons.manager	DEBUG	Registering shutdown blocker for PluginProvider
1471945729579	addons.manager	DEBUG	Provider finished startup: PluginProvider
1471945729580	addons.manager	DEBUG	Completed startup sequence
Crash Annotation GraphicsCriticalError: |[0][GFX1-]: PossiblyBrokenSurfaceSharing_UnexpectedAMDGPU (t=1.42232) [GFX1-]: PossiblyBrokenSurfaceSharing_UnexpectedAMDGPU
Crash Annotation GraphicsCriticalError: |[0][GFX1-]: PossiblyBrokenSurfaceSharing_UnexpectedAMDGPU (t=1.42232) |[1][GFX1-]: PossiblyBrokenSurfaceSharing_UnexpectedAMDGPU (t=1.46469) [GFX1-]: PossiblyBrokenSurfaceSharing_UnexpectedAMDGPU
1471945730152	addons.manager	DEBUG	Starting provider: <unnamed-provider>
1471945730153	addons.manager	DEBUG	Registering shutdown blocker for <unnamed-provider>
1471945730153	addons.manager	DEBUG	Provider finished startup: <unnamed-provider>
1471945730427	DeferredSave.extensions.json	DEBUG	Write succeeded
1471945730427	addons.xpi-utils	DEBUG	XPI Database saved, setting schema version preference to 17
1471945730427	DeferredSave.extensions.json	DEBUG	Starting timer
1471945730452	DeferredSave.extensions.json	DEBUG	Starting write
1471945730456	addons.repository	DEBUG	No addons.json found.
1471945730457	DeferredSave.addons.json	DEBUG	Save changes
1471945730459	DeferredSave.addons.json	DEBUG	Starting timer
1471945730501	addons.manager	DEBUG	Starting provider: PreviousExperimentProvider
1471945730501	addons.manager	DEBUG	Registering shutdown blocker for PreviousExperimentProvider
1471945730502	addons.manager	DEBUG	Provider finished startup: PreviousExperimentProvider
1471945730520	DeferredSave.addons.json	DEBUG	Starting write
1471945730521	DeferredSave.extensions.json	DEBUG	Write succeeded
1471945730533	DeferredSave.addons.json	DEBUG	Write succeeded
1471945740962	addons.xpi	DEBUG	Calling bootstrap method shutdown on e10srollout@mozilla.org version 1.0
1471945740962	addons.xpi	DEBUG	Calling bootstrap method shutdown on firefox@getpocket.com version 1.0.2
1471945740963	addons.xpi	DEBUG	Calling bootstrap method shutdown on loop@mozilla.org version 1.3.2
1471945741073	addons.manager	DEBUG	shutdown
1471945741073	addons.manager	DEBUG	Calling shutdown blocker for XPIProvider
1471945741073	addons.xpi	DEBUG	shutdown
1471945741073	addons.xpi-utils	DEBUG	shutdown
1471945741074	addons.manager	DEBUG	Calling shutdown blocker for LightweightThemeManager
1471945741074	addons.manager	DEBUG	Calling shutdown blocker for GMPProvider
1471945741076	addons.manager	DEBUG	Calling shutdown blocker for PluginProvider
1471945741076	addons.manager	DEBUG	Calling shutdown blocker for <unnamed-provider>
1471945741078	addons.manager	DEBUG	Calling shutdown blocker for PreviousExperimentProvider
1471945741080	addons.xpi	DEBUG	Notifying XPI shutdown observers
1471945741082	addons.manager	DEBUG	Async provider shutdown done

	at org.openqa.selenium.firefox.internal.NewProfileExtensionConnection.start(NewProfileExtensionConnection.java:112)
	... 33 more
... Removed 26 stack frames]]>
    </failure>
  </testcase> <!-- @BeforeMethod beforeMethod -->
  <testcase name="@AfterMethod afterMethod" time="0.0" classname="Rediff.CreateAccount">
    <skipped/>
  </testcase> <!-- @AfterMethod afterMethod -->
  <testcase name="createAccount" time="0.001" classname="Rediff.CreateAccount">
    <skipped/>
  </testcase> <!-- createAccount -->
</testsuite> <!-- Test -->
