<?xml version="1.0" encoding="UTF-8"?>
<testng-results skipped="0" failed="0" total="1" passed="1">
  <reporter-output>
  </reporter-output>
  <suite name="Default suite" duration-ms="27" started-at="2016-08-25T14:24:08Z" finished-at="2016-08-25T14:24:08Z">
    <groups>
    </groups>
    <test name="Default test" duration-ms="27" started-at="2016-08-25T14:24:08Z" finished-at="2016-08-25T14:24:08Z">
      <class name="com.rediff.pages.HelloMavenTest">
        <test-method status="PASS" signature="f()[pri:0, instance:com.rediff.pages.HelloMavenTest@26653222]" name="f" duration-ms="8" started-at="2016-08-25T19:54:08Z" finished-at="2016-08-25T19:54:08Z">
          <reporter-output>
          </reporter-output>
        </test-method> <!-- f -->
      </class> <!-- com.rediff.pages.HelloMavenTest -->
    </test> <!-- Default test -->
  </suite> <!-- Default suite -->
</testng-results>
