<?xml version="1.0" encoding="UTF-8"?>
<testng-results skipped="0" failed="0" total="1" passed="1">
  <reporter-output>
  </reporter-output>
  <suite name="Default suite" duration-ms="11120" started-at="2016-08-23T10:53:58Z" finished-at="2016-08-23T10:54:09Z">
    <groups>
    </groups>
    <test name="Default test" duration-ms="11120" started-at="2016-08-23T10:53:58Z" finished-at="2016-08-23T10:54:09Z">
      <class name="Rediff.redif">
        <test-method status="PASS" signature="beforeMethod()[pri:0, instance:Rediff.redif@3532ec19]" name="beforeMethod" is-config="true" duration-ms="6559" started-at="2016-08-23T16:23:58Z" finished-at="2016-08-23T16:24:04Z">
          <reporter-output>
          </reporter-output>
        </test-method> <!-- beforeMethod -->
        <test-method status="PASS" signature="callBrowser()[pri:0, instance:Rediff.redif@3532ec19]" name="callBrowser" duration-ms="4482" started-at="2016-08-23T16:24:04Z" finished-at="2016-08-23T16:24:09Z">
          <reporter-output>
          </reporter-output>
        </test-method> <!-- callBrowser -->
        <test-method status="PASS" signature="afterMethod()[pri:0, instance:Rediff.redif@3532ec19]" name="afterMethod" is-config="true" duration-ms="66" started-at="2016-08-23T16:24:09Z" finished-at="2016-08-23T16:24:09Z">
          <reporter-output>
          </reporter-output>
        </test-method> <!-- afterMethod -->
      </class> <!-- Rediff.redif -->
    </test> <!-- Default test -->
  </suite> <!-- Default suite -->
</testng-results>
